[2025-11-18T15:40:33.619+0000] {taskinstance.py:1956} INFO - Dependencies all met for dep_context=non-requeueable deps ti=<TaskInstance: training_pipeline.save_to_hdfs manual__2025-11-18T15:18:21.335587+00:00 [queued]>
[2025-11-18T15:40:33.631+0000] {taskinstance.py:1956} INFO - Dependencies all met for dep_context=requeueable deps ti=<TaskInstance: training_pipeline.save_to_hdfs manual__2025-11-18T15:18:21.335587+00:00 [queued]>
[2025-11-18T15:40:33.632+0000] {taskinstance.py:2170} INFO - Starting attempt 1 of 1
[2025-11-18T15:40:33.648+0000] {taskinstance.py:2191} INFO - Executing <Task(DockerOperator): save_to_hdfs> on 2025-11-18 15:18:21.335587+00:00
[2025-11-18T15:40:33.655+0000] {standard_task_runner.py:60} INFO - Started process 262 to run task
[2025-11-18T15:40:33.657+0000] {standard_task_runner.py:87} INFO - Running: ['***', 'tasks', 'run', 'training_pipeline', 'save_to_hdfs', 'manual__2025-11-18T15:18:21.335587+00:00', '--job-id', '12', '--raw', '--subdir', 'DAGS_FOLDER/train.py', '--cfg-path', '/tmp/tmpj9cwtxqg']
[2025-11-18T15:40:33.659+0000] {standard_task_runner.py:88} INFO - Job 12: Subtask save_to_hdfs
[2025-11-18T15:40:33.705+0000] {task_command.py:423} INFO - Running <TaskInstance: training_pipeline.save_to_hdfs manual__2025-11-18T15:18:21.335587+00:00 [running]> on host f1b6f4ec9a82
[2025-11-18T15:40:33.773+0000] {taskinstance.py:2480} INFO - Exporting env vars: AIRFLOW_CTX_DAG_OWNER='***' AIRFLOW_CTX_DAG_ID='training_pipeline' AIRFLOW_CTX_TASK_ID='save_to_hdfs' AIRFLOW_CTX_EXECUTION_DATE='2025-11-18T15:18:21.335587+00:00' AIRFLOW_CTX_TRY_NUMBER='1' AIRFLOW_CTX_DAG_RUN_ID='manual__2025-11-18T15:18:21.335587+00:00'
[2025-11-18T15:40:33.797+0000] {docker.py:486} INFO - Pulling docker image spark-jobs:latest
[2025-11-18T15:40:46.258+0000] {taskinstance.py:2698} ERROR - Task failed with exception
Traceback (most recent call last):
  File "/home/airflow/.local/lib/python3.8/site-packages/docker/api/client.py", line 265, in _raise_for_status
    response.raise_for_status()
  File "/home/airflow/.local/lib/python3.8/site-packages/requests/models.py", line 1021, in raise_for_status
    raise HTTPError(http_error_msg, response=self)
requests.exceptions.HTTPError: 500 Server Error: Internal Server Error for url: http+docker://localhost/v1.51/images/create?tag=latest&fromImage=spark-jobs

The above exception was the direct cause of the following exception:

Traceback (most recent call last):
  File "/home/airflow/.local/lib/python3.8/site-packages/airflow/models/taskinstance.py", line 433, in _execute_task
    result = execute_callable(context=context, **execute_callable_kwargs)
  File "/home/airflow/.local/lib/python3.8/site-packages/airflow/providers/docker/operators/docker.py", line 488, in execute
    for output in self.cli.pull(self.image, stream=True, decode=True):
  File "/home/airflow/.local/lib/python3.8/site-packages/docker/api/image.py", line 429, in pull
    self._raise_for_status(response)
  File "/home/airflow/.local/lib/python3.8/site-packages/docker/api/client.py", line 267, in _raise_for_status
    raise create_api_error_from_http_exception(e) from e
  File "/home/airflow/.local/lib/python3.8/site-packages/docker/errors.py", line 39, in create_api_error_from_http_exception
    raise cls(e, response=response, explanation=explanation) from e
docker.errors.APIError: 500 Server Error for http+docker://localhost/v1.51/images/create?tag=latest&fromImage=spark-jobs: Internal Server Error ("failed to resolve reference "docker.io/library/spark-jobs:latest": failed to do request: Head "https://registry-1.docker.io/v2/library/spark-jobs/manifests/latest": net/http: TLS handshake timeout")
[2025-11-18T15:40:46.269+0000] {taskinstance.py:1138} INFO - Marking task as FAILED. dag_id=training_pipeline, task_id=save_to_hdfs, execution_date=20251118T151821, start_date=20251118T154033, end_date=20251118T154046
[2025-11-18T15:40:46.286+0000] {standard_task_runner.py:107} ERROR - Failed to execute job 12 for task save_to_hdfs (500 Server Error for http+docker://localhost/v1.51/images/create?tag=latest&fromImage=spark-jobs: Internal Server Error ("failed to resolve reference "docker.io/library/spark-jobs:latest": failed to do request: Head "https://registry-1.docker.io/v2/library/spark-jobs/manifests/latest": net/http: TLS handshake timeout"); 262)
[2025-11-18T15:40:46.305+0000] {local_task_job_runner.py:234} INFO - Task exited with return code 1
[2025-11-18T15:40:46.328+0000] {taskinstance.py:3280} INFO - 0 downstream tasks scheduled from follow-on schedule check
