[2025-11-18T15:40:44.614+0000] {taskinstance.py:1956} INFO - Dependencies all met for dep_context=non-requeueable deps ti=<TaskInstance: training_pipeline.train_fraud_model manual__2025-11-18T15:18:21.335587+00:00 [queued]>
[2025-11-18T15:40:44.624+0000] {taskinstance.py:1956} INFO - Dependencies all met for dep_context=requeueable deps ti=<TaskInstance: training_pipeline.train_fraud_model manual__2025-11-18T15:18:21.335587+00:00 [queued]>
[2025-11-18T15:40:44.625+0000] {taskinstance.py:2170} INFO - Starting attempt 2 of 2
[2025-11-18T15:40:44.641+0000] {taskinstance.py:2191} INFO - Executing <Task(DockerOperator): train_fraud_model> on 2025-11-18 15:18:21.335587+00:00
[2025-11-18T15:40:44.651+0000] {standard_task_runner.py:60} INFO - Started process 264 to run task
[2025-11-18T15:40:44.653+0000] {standard_task_runner.py:87} INFO - Running: ['***', 'tasks', 'run', 'training_pipeline', 'train_fraud_model', 'manual__2025-11-18T15:18:21.335587+00:00', '--job-id', '13', '--raw', '--subdir', 'DAGS_FOLDER/train.py', '--cfg-path', '/tmp/tmpp4qfm0en']
[2025-11-18T15:40:44.656+0000] {standard_task_runner.py:88} INFO - Job 13: Subtask train_fraud_model
[2025-11-18T15:40:44.706+0000] {task_command.py:423} INFO - Running <TaskInstance: training_pipeline.train_fraud_model manual__2025-11-18T15:18:21.335587+00:00 [running]> on host f1b6f4ec9a82
[2025-11-18T15:40:44.779+0000] {taskinstance.py:2480} INFO - Exporting env vars: AIRFLOW_CTX_DAG_OWNER='***' AIRFLOW_CTX_DAG_ID='training_pipeline' AIRFLOW_CTX_TASK_ID='train_fraud_model' AIRFLOW_CTX_EXECUTION_DATE='2025-11-18T15:18:21.335587+00:00' AIRFLOW_CTX_TRY_NUMBER='2' AIRFLOW_CTX_DAG_RUN_ID='manual__2025-11-18T15:18:21.335587+00:00'
[2025-11-18T15:40:44.798+0000] {docker.py:486} INFO - Pulling docker image fraud-train:latest
[2025-11-18T15:40:50.441+0000] {taskinstance.py:2698} ERROR - Task failed with exception
Traceback (most recent call last):
  File "/home/airflow/.local/lib/python3.8/site-packages/docker/api/client.py", line 265, in _raise_for_status
    response.raise_for_status()
  File "/home/airflow/.local/lib/python3.8/site-packages/requests/models.py", line 1021, in raise_for_status
    raise HTTPError(http_error_msg, response=self)
requests.exceptions.HTTPError: 404 Client Error: Not Found for url: http+docker://localhost/v1.51/images/create?tag=latest&fromImage=fraud-train

The above exception was the direct cause of the following exception:

Traceback (most recent call last):
  File "/home/airflow/.local/lib/python3.8/site-packages/airflow/models/taskinstance.py", line 433, in _execute_task
    result = execute_callable(context=context, **execute_callable_kwargs)
  File "/home/airflow/.local/lib/python3.8/site-packages/airflow/providers/docker/operators/docker.py", line 488, in execute
    for output in self.cli.pull(self.image, stream=True, decode=True):
  File "/home/airflow/.local/lib/python3.8/site-packages/docker/api/image.py", line 429, in pull
    self._raise_for_status(response)
  File "/home/airflow/.local/lib/python3.8/site-packages/docker/api/client.py", line 267, in _raise_for_status
    raise create_api_error_from_http_exception(e) from e
  File "/home/airflow/.local/lib/python3.8/site-packages/docker/errors.py", line 39, in create_api_error_from_http_exception
    raise cls(e, response=response, explanation=explanation) from e
docker.errors.ImageNotFound: 404 Client Error for http+docker://localhost/v1.51/images/create?tag=latest&fromImage=fraud-train: Not Found ("pull access denied for fraud-train, repository does not exist or may require 'docker login'")
[2025-11-18T15:40:50.452+0000] {taskinstance.py:1138} INFO - Marking task as FAILED. dag_id=training_pipeline, task_id=train_fraud_model, execution_date=20251118T151821, start_date=20251118T154044, end_date=20251118T154050
[2025-11-18T15:40:50.465+0000] {standard_task_runner.py:107} ERROR - Failed to execute job 13 for task train_fraud_model (404 Client Error for http+docker://localhost/v1.51/images/create?tag=latest&fromImage=fraud-train: Not Found ("pull access denied for fraud-train, repository does not exist or may require 'docker login'"); 264)
[2025-11-18T15:40:50.508+0000] {local_task_job_runner.py:234} INFO - Task exited with return code 1
[2025-11-18T15:40:50.523+0000] {taskinstance.py:3280} INFO - 0 downstream tasks scheduled from follow-on schedule check
